Arguments: 
  D:\softs\nodejs\node.exe C:\Users\yosgi\AppData\Roaming\npm\node_modules\yarn\bin\yarn.js add semantic-ui --save

PATH: 
  C:\Windows\system32;C:\Windows;C:\Windows\System32\Wbem;C:\Windows\System32\WindowsPowerShell\v1.0\;C:\Windows\System32\OpenSSH\;C:\Program Files (x86)\NVIDIA Corporation\PhysX\Common;C:\Program Files\NVIDIA Corporation\NVIDIA NvDLISR;D:\softs\nodejs\;C:\WINDOWS\system32;C:\WINDOWS;C:\WINDOWS\System32\Wbem;C:\WINDOWS\System32\WindowsPowerShell\v1.0\;C:\WINDOWS\System32\OpenSSH\;D:\softs\;D:\softs\Git\cmd;C:\Users\yosgi\AppData\Local\Programs\Python\Python310-32\Scripts\;C:\Users\yosgi\AppData\Local\Programs\Python\Python310-32\;C:\Users\yosgi\AppData\Local\Microsoft\WindowsApps;D:\softs\Microsoft VS Code\bin;C:\Users\yosgi\AppData\Roaming\npm;C:\Users\yosgi\.dotnet\tools;C:\Users\yosgi\AppData\Local\GitHubDesktop\bin

Yarn version: 
  1.22.17

Node version: 
  16.13.1

Platform: 
  win32 x64

Trace: 
  Error: https://registry.npmmirror.com/through2-filter/-/through2-filter-3.0.0.tgz: Request failed "504 Gateway Timeout"
      at ResponseError.ExtendableBuiltin (C:\Users\yosgi\AppData\Roaming\npm\node_modules\yarn\lib\cli.js:696:66)
      at new ResponseError (C:\Users\yosgi\AppData\Roaming\npm\node_modules\yarn\lib\cli.js:802:124)
      at Request.<anonymous> (C:\Users\yosgi\AppData\Roaming\npm\node_modules\yarn\lib\cli.js:67099:16)
      at Request.emit (node:events:390:28)
      at Request.module.exports.Request.onRequestResponse (C:\Users\yosgi\AppData\Roaming\npm\node_modules\yarn\lib\cli.js:141760:10)
      at ClientRequest.emit (node:events:390:28)
      at HTTPParser.parserOnIncomingClient (node:_http_client:623:27)
      at HTTPParser.parserOnHeadersComplete (node:_http_common:128:17)
      at TLSSocket.socketOnData (node:_http_client:487:22)
      at TLSSocket.emit (node:events:390:28)

npm manifest: 
  {
    "name": "bruce-components",
    "version": "1.0.0",
    "description": "bruce-components",
    "main": "index.js",
    "scripts": {
      "test": "echo \"Error: no test specified\" && exit 1"
    },
    "repository": {
      "type": "git",
      "url": "git+https://github.com/matvey-tk/bruce-components.git"
    },
    "author": "",
    "license": "ISC",
    "bugs": {
      "url": "https://github.com/matvey-tk/bruce-components/issues"
    },
    "homepage": "https://github.com/matvey-tk/bruce-components#readme",
    "devDependencies": {
      "@types/cesium": "^1.67.13",
      "@types/jquery": "^3.3.29",
      "@types/knockout": "^3.4.64",
      "@types/node": "^8.0.0",
      "bruce-maps-widget": "^3.9.9",
      "cesium": "^1.86.1",
      "del": "^4.0.0",
      "delete-empty": "^2.0.0",
      "gulp": "^4.0.0",
      "gulp-color": "0.0.2",
      "gulp-cssmin": "^0.2.0",
      "gulp-if": "^2.0.2",
      "gulp-less": "^4.0.1",
      "gulp-postcss": "^8.0.0",
      "gulp-posthtml": "^3.0.4",
      "gulp-print": "^5.0.2",
      "gulp-requirejs": "^1.2.1",
      "gulp-sourcemaps": "^2.6.5",
      "gulp-string-replace": "^1.1.2",
      "gulp-tap": "^1.0.1",
      "gulp-typescript": "^5.0.1",
      "gulp-watch": "^5.0.1",
      "typescript": "^3.7.5"
    },
    "dependencies": {
      "@typescript-eslint/eslint-plugin": "^5.38.0",
      "@typescript-eslint/parser": "^5.38.0",
      "eslint-config-google": "^0.14.0",
      "eslint-plugin-typescript": "^0.14.0",
      "tslint": "^5.20.1",
      "tslint-config-standard": "^9.0.0"
    }
  }

yarn manifest: 
  No manifest

Lockfile: 
  No lockfile
